<?xml version="1.0" encoding="UTF-8"?>
<!-- Generated by org.testng.reporters.JUnitReportReporter -->
<testsuite hostname="Aashish-PC" name="com.gmail.testcases.LoginPageTest" tests="1" failures="0" timestamp="8 Jul 2019 05:20:20 GMT" time="98.305" errors="0">
  <testcase name="LoginTest" time="98.305" classname="com.gmail.testcases.LoginPageTest"/>
</testsuite> <!-- com.gmail.testcases.LoginPageTest -->
